Compiling the C compiler identification source file "CMakeCCompilerId.c" failed.
Compiler: /Applications/Xcode.app/Contents/Developer/Toolchains/XcodeDefault.xctoolchain/usr/bin/cc 
Build flags: 
Id flags:  

The output was:
1
ld: library not found for -lSystem
clang: error: linker command failed with exit code 1 (use -v to see invocation)


Compiling the CXX compiler identification source file "CMakeCXXCompilerId.cpp" failed.
Compiler: /Applications/Xcode.app/Contents/Developer/Toolchains/XcodeDefault.xctoolchain/usr/bin/c++ 
Build flags: 
Id flags:  

The output was:
1
ld: library not found for -lc++
clang: error: linker command failed with exit code 1 (use -v to see invocation)


Checking whether the ASM compiler is GNU using "--version" did not match "(GNU assembler)|(GCC)|(Free Software Foundation)":
Apple clang version 13.1.6 (clang-1316.0.21.2.3)
Target: arm64-apple-darwin21.3.0
Thread model: posix
InstalledDir: /Applications/Xcode.app/Contents/Developer/Toolchains/XcodeDefault.xctoolchain/usr/bin
Determining if the include file link.h exists failed with the following output:
Change Dir: /Users/123456qwerty/Downloads/goron_apple-llvm-5.7/llvm/cmake-build-debug/CMakeFiles/CMakeTmp

Run Build Command(s):/opt/homebrew/bin/gmake -f Makefile cmTC_1d695/fast && /opt/homebrew/bin/gmake  -f CMakeFiles/cmTC_1d695.dir/build.make CMakeFiles/cmTC_1d695.dir/build
gmake[1]: Entering directory '/Users/123456qwerty/Downloads/goron_apple-llvm-5.7/llvm/cmake-build-debug/CMakeFiles/CMakeTmp'
Building C object CMakeFiles/cmTC_1d695.dir/CheckIncludeFile.c.o
/Applications/Xcode.app/Contents/Developer/Toolchains/XcodeDefault.xctoolchain/usr/bin/cc   -arch arm64 -isysroot /Applications/Xcode.app/Contents/Developer/Platforms/MacOSX.platform/Developer/SDKs/MacOSX12.3.sdk -mmacosx-version-min=12.2 -MD -MT CMakeFiles/cmTC_1d695.dir/CheckIncludeFile.c.o -MF CMakeFiles/cmTC_1d695.dir/CheckIncludeFile.c.o.d -o CMakeFiles/cmTC_1d695.dir/CheckIncludeFile.c.o -c /Users/123456qwerty/Downloads/goron_apple-llvm-5.7/llvm/cmake-build-debug/CMakeFiles/CMakeTmp/CheckIncludeFile.c
/Users/123456qwerty/Downloads/goron_apple-llvm-5.7/llvm/cmake-build-debug/CMakeFiles/CMakeTmp/CheckIncludeFile.c:1:10: fatal error: 'link.h' file not found
#include <link.h>
         ^~~~~~~~
1 error generated.
gmake[1]: *** [CMakeFiles/cmTC_1d695.dir/build.make:79: CMakeFiles/cmTC_1d695.dir/CheckIncludeFile.c.o] Error 1
gmake[1]: Leaving directory '/Users/123456qwerty/Downloads/goron_apple-llvm-5.7/llvm/cmake-build-debug/CMakeFiles/CMakeTmp'
gmake: *** [Makefile:127: cmTC_1d695/fast] Error 2



Determining if the include file valgrind/valgrind.h exists failed with the following output:
Change Dir: /Users/123456qwerty/Downloads/goron_apple-llvm-5.7/llvm/cmake-build-debug/CMakeFiles/CMakeTmp

Run Build Command(s):/opt/homebrew/bin/gmake -f Makefile cmTC_c11d9/fast && /opt/homebrew/bin/gmake  -f CMakeFiles/cmTC_c11d9.dir/build.make CMakeFiles/cmTC_c11d9.dir/build
gmake[1]: Entering directory '/Users/123456qwerty/Downloads/goron_apple-llvm-5.7/llvm/cmake-build-debug/CMakeFiles/CMakeTmp'
Building C object CMakeFiles/cmTC_c11d9.dir/CheckIncludeFile.c.o
/Applications/Xcode.app/Contents/Developer/Toolchains/XcodeDefault.xctoolchain/usr/bin/cc   -arch arm64 -isysroot /Applications/Xcode.app/Contents/Developer/Platforms/MacOSX.platform/Developer/SDKs/MacOSX12.3.sdk -mmacosx-version-min=12.2 -MD -MT CMakeFiles/cmTC_c11d9.dir/CheckIncludeFile.c.o -MF CMakeFiles/cmTC_c11d9.dir/CheckIncludeFile.c.o.d -o CMakeFiles/cmTC_c11d9.dir/CheckIncludeFile.c.o -c /Users/123456qwerty/Downloads/goron_apple-llvm-5.7/llvm/cmake-build-debug/CMakeFiles/CMakeTmp/CheckIncludeFile.c
/Users/123456qwerty/Downloads/goron_apple-llvm-5.7/llvm/cmake-build-debug/CMakeFiles/CMakeTmp/CheckIncludeFile.c:1:10: fatal error: 'valgrind/valgrind.h' file not found
#include <valgrind/valgrind.h>
         ^~~~~~~~~~~~~~~~~~~~~
1 error generated.
gmake[1]: *** [CMakeFiles/cmTC_c11d9.dir/build.make:79: CMakeFiles/cmTC_c11d9.dir/CheckIncludeFile.c.o] Error 1
gmake[1]: Leaving directory '/Users/123456qwerty/Downloads/goron_apple-llvm-5.7/llvm/cmake-build-debug/CMakeFiles/CMakeTmp'
gmake: *** [Makefile:127: cmTC_c11d9/fast] Error 2



Determining if the include file CrashReporterClient.h exists failed with the following output:
Change Dir: /Users/123456qwerty/Downloads/goron_apple-llvm-5.7/llvm/cmake-build-debug/CMakeFiles/CMakeTmp

Run Build Command(s):/opt/homebrew/bin/gmake -f Makefile cmTC_b0f90/fast && /opt/homebrew/bin/gmake  -f CMakeFiles/cmTC_b0f90.dir/build.make CMakeFiles/cmTC_b0f90.dir/build
gmake[1]: Entering directory '/Users/123456qwerty/Downloads/goron_apple-llvm-5.7/llvm/cmake-build-debug/CMakeFiles/CMakeTmp'
Building C object CMakeFiles/cmTC_b0f90.dir/CheckIncludeFile.c.o
/Applications/Xcode.app/Contents/Developer/Toolchains/XcodeDefault.xctoolchain/usr/bin/cc   -arch arm64 -isysroot /Applications/Xcode.app/Contents/Developer/Platforms/MacOSX.platform/Developer/SDKs/MacOSX12.3.sdk -mmacosx-version-min=12.2 -MD -MT CMakeFiles/cmTC_b0f90.dir/CheckIncludeFile.c.o -MF CMakeFiles/cmTC_b0f90.dir/CheckIncludeFile.c.o.d -o CMakeFiles/cmTC_b0f90.dir/CheckIncludeFile.c.o -c /Users/123456qwerty/Downloads/goron_apple-llvm-5.7/llvm/cmake-build-debug/CMakeFiles/CMakeTmp/CheckIncludeFile.c
/Users/123456qwerty/Downloads/goron_apple-llvm-5.7/llvm/cmake-build-debug/CMakeFiles/CMakeTmp/CheckIncludeFile.c:1:10: fatal error: 'CrashReporterClient.h' file not found
#include <CrashReporterClient.h>
         ^~~~~~~~~~~~~~~~~~~~~~~
1 error generated.
gmake[1]: *** [CMakeFiles/cmTC_b0f90.dir/build.make:79: CMakeFiles/cmTC_b0f90.dir/CheckIncludeFile.c.o] Error 1
gmake[1]: Leaving directory '/Users/123456qwerty/Downloads/goron_apple-llvm-5.7/llvm/cmake-build-debug/CMakeFiles/CMakeTmp'
gmake: *** [Makefile:127: cmTC_b0f90/fast] Error 2



Determining if the function clock_gettime exists in the rt failed with the following output:
Change Dir: /Users/123456qwerty/Downloads/goron_apple-llvm-5.7/llvm/cmake-build-debug/CMakeFiles/CMakeTmp

Run Build Command(s):/opt/homebrew/bin/gmake -f Makefile cmTC_d754d/fast && /opt/homebrew/bin/gmake  -f CMakeFiles/cmTC_d754d.dir/build.make CMakeFiles/cmTC_d754d.dir/build
gmake[1]: Entering directory '/Users/123456qwerty/Downloads/goron_apple-llvm-5.7/llvm/cmake-build-debug/CMakeFiles/CMakeTmp'
Building C object CMakeFiles/cmTC_d754d.dir/CheckFunctionExists.c.o
/Applications/Xcode.app/Contents/Developer/Toolchains/XcodeDefault.xctoolchain/usr/bin/cc   -DCHECK_FUNCTION_EXISTS=clock_gettime -arch arm64 -isysroot /Applications/Xcode.app/Contents/Developer/Platforms/MacOSX.platform/Developer/SDKs/MacOSX12.3.sdk -mmacosx-version-min=12.2 -MD -MT CMakeFiles/cmTC_d754d.dir/CheckFunctionExists.c.o -MF CMakeFiles/cmTC_d754d.dir/CheckFunctionExists.c.o.d -o CMakeFiles/cmTC_d754d.dir/CheckFunctionExists.c.o -c /Applications/CLion.app/Contents/bin/cmake/mac/share/cmake-3.22/Modules/CheckFunctionExists.c
Linking C executable cmTC_d754d
/Applications/CLion.app/Contents/bin/cmake/mac/bin/cmake -E cmake_link_script CMakeFiles/cmTC_d754d.dir/link.txt --verbose=1
/Applications/Xcode.app/Contents/Developer/Toolchains/XcodeDefault.xctoolchain/usr/bin/cc  -DCHECK_FUNCTION_EXISTS=clock_gettime -arch arm64 -isysroot /Applications/Xcode.app/Contents/Developer/Platforms/MacOSX.platform/Developer/SDKs/MacOSX12.3.sdk -mmacosx-version-min=12.2 -Wl,-search_paths_first -Wl,-headerpad_max_install_names CMakeFiles/cmTC_d754d.dir/CheckFunctionExists.c.o -o cmTC_d754d  -lrt 
ld: library not found for -lrt
clang: error: linker command failed with exit code 1 (use -v to see invocation)
gmake[1]: *** [CMakeFiles/cmTC_d754d.dir/build.make:100: cmTC_d754d] Error 1
gmake[1]: Leaving directory '/Users/123456qwerty/Downloads/goron_apple-llvm-5.7/llvm/cmake-build-debug/CMakeFiles/CMakeTmp'
gmake: *** [Makefile:127: cmTC_d754d/fast] Error 2



Determining if the function pfm_initialize exists in the pfm failed with the following output:
Change Dir: /Users/123456qwerty/Downloads/goron_apple-llvm-5.7/llvm/cmake-build-debug/CMakeFiles/CMakeTmp

Run Build Command(s):/opt/homebrew/bin/gmake -f Makefile cmTC_b6c40/fast && /opt/homebrew/bin/gmake  -f CMakeFiles/cmTC_b6c40.dir/build.make CMakeFiles/cmTC_b6c40.dir/build
gmake[1]: Entering directory '/Users/123456qwerty/Downloads/goron_apple-llvm-5.7/llvm/cmake-build-debug/CMakeFiles/CMakeTmp'
Building C object CMakeFiles/cmTC_b6c40.dir/CheckFunctionExists.c.o
/Applications/Xcode.app/Contents/Developer/Toolchains/XcodeDefault.xctoolchain/usr/bin/cc   -DCHECK_FUNCTION_EXISTS=pfm_initialize -arch arm64 -isysroot /Applications/Xcode.app/Contents/Developer/Platforms/MacOSX.platform/Developer/SDKs/MacOSX12.3.sdk -mmacosx-version-min=12.2 -MD -MT CMakeFiles/cmTC_b6c40.dir/CheckFunctionExists.c.o -MF CMakeFiles/cmTC_b6c40.dir/CheckFunctionExists.c.o.d -o CMakeFiles/cmTC_b6c40.dir/CheckFunctionExists.c.o -c /Applications/CLion.app/Contents/bin/cmake/mac/share/cmake-3.22/Modules/CheckFunctionExists.c
Linking C executable cmTC_b6c40
/Applications/CLion.app/Contents/bin/cmake/mac/bin/cmake -E cmake_link_script CMakeFiles/cmTC_b6c40.dir/link.txt --verbose=1
/Applications/Xcode.app/Contents/Developer/Toolchains/XcodeDefault.xctoolchain/usr/bin/cc  -DCHECK_FUNCTION_EXISTS=pfm_initialize -arch arm64 -isysroot /Applications/Xcode.app/Contents/Developer/Platforms/MacOSX.platform/Developer/SDKs/MacOSX12.3.sdk -mmacosx-version-min=12.2 -Wl,-search_paths_first -Wl,-headerpad_max_install_names CMakeFiles/cmTC_b6c40.dir/CheckFunctionExists.c.o -o cmTC_b6c40  -lpfm 
ld: library not found for -lpfm
clang: error: linker command failed with exit code 1 (use -v to see invocation)
gmake[1]: *** [CMakeFiles/cmTC_b6c40.dir/build.make:100: cmTC_b6c40] Error 1
gmake[1]: Leaving directory '/Users/123456qwerty/Downloads/goron_apple-llvm-5.7/llvm/cmake-build-debug/CMakeFiles/CMakeTmp'
gmake: *** [Makefile:127: cmTC_b6c40/fast] Error 2



Determining if the posix_fallocate exist failed with the following output:
Change Dir: /Users/123456qwerty/Downloads/goron_apple-llvm-5.7/llvm/cmake-build-debug/CMakeFiles/CMakeTmp

Run Build Command(s):/opt/homebrew/bin/gmake -f Makefile cmTC_3fe7f/fast && /opt/homebrew/bin/gmake  -f CMakeFiles/cmTC_3fe7f.dir/build.make CMakeFiles/cmTC_3fe7f.dir/build
gmake[1]: Entering directory '/Users/123456qwerty/Downloads/goron_apple-llvm-5.7/llvm/cmake-build-debug/CMakeFiles/CMakeTmp'
Building C object CMakeFiles/cmTC_3fe7f.dir/CheckSymbolExists.c.o
/Applications/Xcode.app/Contents/Developer/Toolchains/XcodeDefault.xctoolchain/usr/bin/cc   -Werror=unguarded-availability-new -arch arm64 -isysroot /Applications/Xcode.app/Contents/Developer/Platforms/MacOSX.platform/Developer/SDKs/MacOSX12.3.sdk -mmacosx-version-min=12.2 -MD -MT CMakeFiles/cmTC_3fe7f.dir/CheckSymbolExists.c.o -MF CMakeFiles/cmTC_3fe7f.dir/CheckSymbolExists.c.o.d -o CMakeFiles/cmTC_3fe7f.dir/CheckSymbolExists.c.o -c /Users/123456qwerty/Downloads/goron_apple-llvm-5.7/llvm/cmake-build-debug/CMakeFiles/CMakeTmp/CheckSymbolExists.c
/Users/123456qwerty/Downloads/goron_apple-llvm-5.7/llvm/cmake-build-debug/CMakeFiles/CMakeTmp/CheckSymbolExists.c:8:19: error: use of undeclared identifier 'posix_fallocate'
  return ((int*)(&posix_fallocate))[argc];
                  ^
1 error generated.
gmake[1]: *** [CMakeFiles/cmTC_3fe7f.dir/build.make:79: CMakeFiles/cmTC_3fe7f.dir/CheckSymbolExists.c.o] Error 1
gmake[1]: Leaving directory '/Users/123456qwerty/Downloads/goron_apple-llvm-5.7/llvm/cmake-build-debug/CMakeFiles/CMakeTmp'
gmake: *** [Makefile:127: cmTC_3fe7f/fast] Error 2


File /Users/123456qwerty/Downloads/goron_apple-llvm-5.7/llvm/cmake-build-debug/CMakeFiles/CMakeTmp/CheckSymbolExists.c:
/* */
#include <fcntl.h>

int main(int argc, char** argv)
{
  (void)argv;
#ifndef posix_fallocate
  return ((int*)(&posix_fallocate))[argc];
#else
  (void)argc;
  return 0;
#endif
}
Determining if the lseek64 exist failed with the following output:
Change Dir: /Users/123456qwerty/Downloads/goron_apple-llvm-5.7/llvm/cmake-build-debug/CMakeFiles/CMakeTmp

Run Build Command(s):/opt/homebrew/bin/gmake -f Makefile cmTC_3a7b5/fast && /opt/homebrew/bin/gmake  -f CMakeFiles/cmTC_3a7b5.dir/build.make CMakeFiles/cmTC_3a7b5.dir/build
gmake[1]: Entering directory '/Users/123456qwerty/Downloads/goron_apple-llvm-5.7/llvm/cmake-build-debug/CMakeFiles/CMakeTmp'
Building C object CMakeFiles/cmTC_3a7b5.dir/CheckSymbolExists.c.o
/Applications/Xcode.app/Contents/Developer/Toolchains/XcodeDefault.xctoolchain/usr/bin/cc -D_LARGEFILE64_SOURCE  -Werror=unguarded-availability-new -arch arm64 -isysroot /Applications/Xcode.app/Contents/Developer/Platforms/MacOSX.platform/Developer/SDKs/MacOSX12.3.sdk -mmacosx-version-min=12.2 -MD -MT CMakeFiles/cmTC_3a7b5.dir/CheckSymbolExists.c.o -MF CMakeFiles/cmTC_3a7b5.dir/CheckSymbolExists.c.o.d -o CMakeFiles/cmTC_3a7b5.dir/CheckSymbolExists.c.o -c /Users/123456qwerty/Downloads/goron_apple-llvm-5.7/llvm/cmake-build-debug/CMakeFiles/CMakeTmp/CheckSymbolExists.c
/Users/123456qwerty/Downloads/goron_apple-llvm-5.7/llvm/cmake-build-debug/CMakeFiles/CMakeTmp/CheckSymbolExists.c:9:19: error: use of undeclared identifier 'lseek64'; did you mean 'lseek'?
  return ((int*)(&lseek64))[argc];
                  ^~~~~~~
                  lseek
/Applications/Xcode.app/Contents/Developer/Platforms/MacOSX.platform/Developer/SDKs/MacOSX12.3.sdk/usr/include/unistd.h:465:8: note: 'lseek' declared here
off_t    lseek(int, off_t, int);
         ^
1 error generated.
gmake[1]: *** [CMakeFiles/cmTC_3a7b5.dir/build.make:79: CMakeFiles/cmTC_3a7b5.dir/CheckSymbolExists.c.o] Error 1
gmake[1]: Leaving directory '/Users/123456qwerty/Downloads/goron_apple-llvm-5.7/llvm/cmake-build-debug/CMakeFiles/CMakeTmp'
gmake: *** [Makefile:127: cmTC_3a7b5/fast] Error 2


File /Users/123456qwerty/Downloads/goron_apple-llvm-5.7/llvm/cmake-build-debug/CMakeFiles/CMakeTmp/CheckSymbolExists.c:
/* */
#include <sys/types.h>
#include <unistd.h>

int main(int argc, char** argv)
{
  (void)argv;
#ifndef lseek64
  return ((int*)(&lseek64))[argc];
#else
  (void)argc;
  return 0;
#endif
}
Determining if the mallctl exist failed with the following output:
Change Dir: /Users/123456qwerty/Downloads/goron_apple-llvm-5.7/llvm/cmake-build-debug/CMakeFiles/CMakeTmp

Run Build Command(s):/opt/homebrew/bin/gmake -f Makefile cmTC_73cc5/fast && /opt/homebrew/bin/gmake  -f CMakeFiles/cmTC_73cc5.dir/build.make CMakeFiles/cmTC_73cc5.dir/build
gmake[1]: Entering directory '/Users/123456qwerty/Downloads/goron_apple-llvm-5.7/llvm/cmake-build-debug/CMakeFiles/CMakeTmp'
Building C object CMakeFiles/cmTC_73cc5.dir/CheckSymbolExists.c.o
/Applications/Xcode.app/Contents/Developer/Toolchains/XcodeDefault.xctoolchain/usr/bin/cc   -Werror=unguarded-availability-new -arch arm64 -isysroot /Applications/Xcode.app/Contents/Developer/Platforms/MacOSX.platform/Developer/SDKs/MacOSX12.3.sdk -mmacosx-version-min=12.2 -MD -MT CMakeFiles/cmTC_73cc5.dir/CheckSymbolExists.c.o -MF CMakeFiles/cmTC_73cc5.dir/CheckSymbolExists.c.o.d -o CMakeFiles/cmTC_73cc5.dir/CheckSymbolExists.c.o -c /Users/123456qwerty/Downloads/goron_apple-llvm-5.7/llvm/cmake-build-debug/CMakeFiles/CMakeTmp/CheckSymbolExists.c
/Users/123456qwerty/Downloads/goron_apple-llvm-5.7/llvm/cmake-build-debug/CMakeFiles/CMakeTmp/CheckSymbolExists.c:2:10: fatal error: 'malloc_np.h' file not found
#include <malloc_np.h>
         ^~~~~~~~~~~~~
1 error generated.
gmake[1]: *** [CMakeFiles/cmTC_73cc5.dir/build.make:79: CMakeFiles/cmTC_73cc5.dir/CheckSymbolExists.c.o] Error 1
gmake[1]: Leaving directory '/Users/123456qwerty/Downloads/goron_apple-llvm-5.7/llvm/cmake-build-debug/CMakeFiles/CMakeTmp'
gmake: *** [Makefile:127: cmTC_73cc5/fast] Error 2


File /Users/123456qwerty/Downloads/goron_apple-llvm-5.7/llvm/cmake-build-debug/CMakeFiles/CMakeTmp/CheckSymbolExists.c:
/* */
#include <malloc_np.h>

int main(int argc, char** argv)
{
  (void)argv;
#ifndef mallctl
  return ((int*)(&mallctl))[argc];
#else
  (void)argc;
  return 0;
#endif
}
Determining if the mallinfo exist failed with the following output:
Change Dir: /Users/123456qwerty/Downloads/goron_apple-llvm-5.7/llvm/cmake-build-debug/CMakeFiles/CMakeTmp

Run Build Command(s):/opt/homebrew/bin/gmake -f Makefile cmTC_8215d/fast && /opt/homebrew/bin/gmake  -f CMakeFiles/cmTC_8215d.dir/build.make CMakeFiles/cmTC_8215d.dir/build
gmake[1]: Entering directory '/Users/123456qwerty/Downloads/goron_apple-llvm-5.7/llvm/cmake-build-debug/CMakeFiles/CMakeTmp'
Building C object CMakeFiles/cmTC_8215d.dir/CheckSymbolExists.c.o
/Applications/Xcode.app/Contents/Developer/Toolchains/XcodeDefault.xctoolchain/usr/bin/cc   -Werror=unguarded-availability-new -arch arm64 -isysroot /Applications/Xcode.app/Contents/Developer/Platforms/MacOSX.platform/Developer/SDKs/MacOSX12.3.sdk -mmacosx-version-min=12.2 -MD -MT CMakeFiles/cmTC_8215d.dir/CheckSymbolExists.c.o -MF CMakeFiles/cmTC_8215d.dir/CheckSymbolExists.c.o.d -o CMakeFiles/cmTC_8215d.dir/CheckSymbolExists.c.o -c /Users/123456qwerty/Downloads/goron_apple-llvm-5.7/llvm/cmake-build-debug/CMakeFiles/CMakeTmp/CheckSymbolExists.c
/Users/123456qwerty/Downloads/goron_apple-llvm-5.7/llvm/cmake-build-debug/CMakeFiles/CMakeTmp/CheckSymbolExists.c:2:10: fatal error: 'malloc.h' file not found
#include <malloc.h>
         ^~~~~~~~~~
1 error generated.
gmake[1]: *** [CMakeFiles/cmTC_8215d.dir/build.make:79: CMakeFiles/cmTC_8215d.dir/CheckSymbolExists.c.o] Error 1
gmake[1]: Leaving directory '/Users/123456qwerty/Downloads/goron_apple-llvm-5.7/llvm/cmake-build-debug/CMakeFiles/CMakeTmp'
gmake: *** [Makefile:127: cmTC_8215d/fast] Error 2


File /Users/123456qwerty/Downloads/goron_apple-llvm-5.7/llvm/cmake-build-debug/CMakeFiles/CMakeTmp/CheckSymbolExists.c:
/* */
#include <malloc.h>

int main(int argc, char** argv)
{
  (void)argv;
#ifndef mallinfo
  return ((int*)(&mallinfo))[argc];
#else
  (void)argc;
  return 0;
#endif
}
Determining if the mallinfo2 exist failed with the following output:
Change Dir: /Users/123456qwerty/Downloads/goron_apple-llvm-5.7/llvm/cmake-build-debug/CMakeFiles/CMakeTmp

Run Build Command(s):/opt/homebrew/bin/gmake -f Makefile cmTC_6c8d8/fast && /opt/homebrew/bin/gmake  -f CMakeFiles/cmTC_6c8d8.dir/build.make CMakeFiles/cmTC_6c8d8.dir/build
gmake[1]: Entering directory '/Users/123456qwerty/Downloads/goron_apple-llvm-5.7/llvm/cmake-build-debug/CMakeFiles/CMakeTmp'
Building C object CMakeFiles/cmTC_6c8d8.dir/CheckSymbolExists.c.o
/Applications/Xcode.app/Contents/Developer/Toolchains/XcodeDefault.xctoolchain/usr/bin/cc   -Werror=unguarded-availability-new -arch arm64 -isysroot /Applications/Xcode.app/Contents/Developer/Platforms/MacOSX.platform/Developer/SDKs/MacOSX12.3.sdk -mmacosx-version-min=12.2 -MD -MT CMakeFiles/cmTC_6c8d8.dir/CheckSymbolExists.c.o -MF CMakeFiles/cmTC_6c8d8.dir/CheckSymbolExists.c.o.d -o CMakeFiles/cmTC_6c8d8.dir/CheckSymbolExists.c.o -c /Users/123456qwerty/Downloads/goron_apple-llvm-5.7/llvm/cmake-build-debug/CMakeFiles/CMakeTmp/CheckSymbolExists.c
/Users/123456qwerty/Downloads/goron_apple-llvm-5.7/llvm/cmake-build-debug/CMakeFiles/CMakeTmp/CheckSymbolExists.c:2:10: fatal error: 'malloc.h' file not found
#include <malloc.h>
         ^~~~~~~~~~
1 error generated.
gmake[1]: *** [CMakeFiles/cmTC_6c8d8.dir/build.make:79: CMakeFiles/cmTC_6c8d8.dir/CheckSymbolExists.c.o] Error 1
gmake[1]: Leaving directory '/Users/123456qwerty/Downloads/goron_apple-llvm-5.7/llvm/cmake-build-debug/CMakeFiles/CMakeTmp'
gmake: *** [Makefile:127: cmTC_6c8d8/fast] Error 2


File /Users/123456qwerty/Downloads/goron_apple-llvm-5.7/llvm/cmake-build-debug/CMakeFiles/CMakeTmp/CheckSymbolExists.c:
/* */
#include <malloc.h>

int main(int argc, char** argv)
{
  (void)argv;
#ifndef mallinfo2
  return ((int*)(&mallinfo2))[argc];
#else
  (void)argc;
  return 0;
#endif
}
Determining if the strerror_s exist failed with the following output:
Change Dir: /Users/123456qwerty/Downloads/goron_apple-llvm-5.7/llvm/cmake-build-debug/CMakeFiles/CMakeTmp

Run Build Command(s):/opt/homebrew/bin/gmake -f Makefile cmTC_67e95/fast && /opt/homebrew/bin/gmake  -f CMakeFiles/cmTC_67e95.dir/build.make CMakeFiles/cmTC_67e95.dir/build
gmake[1]: Entering directory '/Users/123456qwerty/Downloads/goron_apple-llvm-5.7/llvm/cmake-build-debug/CMakeFiles/CMakeTmp'
Building C object CMakeFiles/cmTC_67e95.dir/CheckSymbolExists.c.o
/Applications/Xcode.app/Contents/Developer/Toolchains/XcodeDefault.xctoolchain/usr/bin/cc   -Werror=unguarded-availability-new -arch arm64 -isysroot /Applications/Xcode.app/Contents/Developer/Platforms/MacOSX.platform/Developer/SDKs/MacOSX12.3.sdk -mmacosx-version-min=12.2 -MD -MT CMakeFiles/cmTC_67e95.dir/CheckSymbolExists.c.o -MF CMakeFiles/cmTC_67e95.dir/CheckSymbolExists.c.o.d -o CMakeFiles/cmTC_67e95.dir/CheckSymbolExists.c.o -c /Users/123456qwerty/Downloads/goron_apple-llvm-5.7/llvm/cmake-build-debug/CMakeFiles/CMakeTmp/CheckSymbolExists.c
/Users/123456qwerty/Downloads/goron_apple-llvm-5.7/llvm/cmake-build-debug/CMakeFiles/CMakeTmp/CheckSymbolExists.c:8:19: error: use of undeclared identifier 'strerror_s'; did you mean 'strerror_r'?
  return ((int*)(&strerror_s))[argc];
                  ^~~~~~~~~~
                  strerror_r
/Applications/Xcode.app/Contents/Developer/Platforms/MacOSX.platform/Developer/SDKs/MacOSX12.3.sdk/usr/include/string.h:116:6: note: 'strerror_r' declared here
int      strerror_r(int __errnum, char *__strerrbuf, size_t __buflen);
         ^
1 error generated.
gmake[1]: *** [CMakeFiles/cmTC_67e95.dir/build.make:79: CMakeFiles/cmTC_67e95.dir/CheckSymbolExists.c.o] Error 1
gmake[1]: Leaving directory '/Users/123456qwerty/Downloads/goron_apple-llvm-5.7/llvm/cmake-build-debug/CMakeFiles/CMakeTmp'
gmake: *** [Makefile:127: cmTC_67e95/fast] Error 2


File /Users/123456qwerty/Downloads/goron_apple-llvm-5.7/llvm/cmake-build-debug/CMakeFiles/CMakeTmp/CheckSymbolExists.c:
/* */
#include <string.h>

int main(int argc, char** argv)
{
  (void)argv;
#ifndef strerror_s
  return ((int*)(&strerror_s))[argc];
#else
  (void)argc;
  return 0;
#endif
}
Performing C SOURCE FILE Test HAVE_STRUCT_STAT_ST_MTIM_TV_NSEC failed with the following output:
Change Dir: /Users/123456qwerty/Downloads/goron_apple-llvm-5.7/llvm/cmake-build-debug/CMakeFiles/CMakeTmp

Run Build Command(s):/opt/homebrew/bin/gmake -f Makefile cmTC_9a27b/fast && /opt/homebrew/bin/gmake  -f CMakeFiles/cmTC_9a27b.dir/build.make CMakeFiles/cmTC_9a27b.dir/build
gmake[1]: Entering directory '/Users/123456qwerty/Downloads/goron_apple-llvm-5.7/llvm/cmake-build-debug/CMakeFiles/CMakeTmp'
Building C object CMakeFiles/cmTC_9a27b.dir/src.c.o
/Applications/Xcode.app/Contents/Developer/Toolchains/XcodeDefault.xctoolchain/usr/bin/cc -DHAVE_STRUCT_STAT_ST_MTIM_TV_NSEC  -Werror=unguarded-availability-new -arch arm64 -isysroot /Applications/Xcode.app/Contents/Developer/Platforms/MacOSX.platform/Developer/SDKs/MacOSX12.3.sdk -mmacosx-version-min=12.2 -MD -MT CMakeFiles/cmTC_9a27b.dir/src.c.o -MF CMakeFiles/cmTC_9a27b.dir/src.c.o.d -o CMakeFiles/cmTC_9a27b.dir/src.c.o -c /Users/123456qwerty/Downloads/goron_apple-llvm-5.7/llvm/cmake-build-debug/CMakeFiles/CMakeTmp/src.c
/Users/123456qwerty/Downloads/goron_apple-llvm-5.7/llvm/cmake-build-debug/CMakeFiles/CMakeTmp/src.c:7:36: error: no member named 'st_mtim' in 'struct stat'
  (void)sizeof(((struct stat *)0)->st_mtim.tv_nsec);
               ~~~~~~~~~~~~~~~~~~  ^
1 error generated.
gmake[1]: *** [CMakeFiles/cmTC_9a27b.dir/build.make:79: CMakeFiles/cmTC_9a27b.dir/src.c.o] Error 1
gmake[1]: Leaving directory '/Users/123456qwerty/Downloads/goron_apple-llvm-5.7/llvm/cmake-build-debug/CMakeFiles/CMakeTmp'
gmake: *** [Makefile:127: cmTC_9a27b/fast] Error 2


Source file was:

#include <sys/types.h>
#include <sys/stat.h>

int main()
{
  (void)sizeof(((struct stat *)0)->st_mtim.tv_nsec);
  return 0;
}

Determining if the __GLIBC__ exist failed with the following output:
Change Dir: /Users/123456qwerty/Downloads/goron_apple-llvm-5.7/llvm/cmake-build-debug/CMakeFiles/CMakeTmp

Run Build Command(s):/opt/homebrew/bin/gmake -f Makefile cmTC_e4eed/fast && /opt/homebrew/bin/gmake  -f CMakeFiles/cmTC_e4eed.dir/build.make CMakeFiles/cmTC_e4eed.dir/build
gmake[1]: Entering directory '/Users/123456qwerty/Downloads/goron_apple-llvm-5.7/llvm/cmake-build-debug/CMakeFiles/CMakeTmp'
Building C object CMakeFiles/cmTC_e4eed.dir/CheckSymbolExists.c.o
/Applications/Xcode.app/Contents/Developer/Toolchains/XcodeDefault.xctoolchain/usr/bin/cc   -Werror=unguarded-availability-new -arch arm64 -isysroot /Applications/Xcode.app/Contents/Developer/Platforms/MacOSX.platform/Developer/SDKs/MacOSX12.3.sdk -mmacosx-version-min=12.2 -MD -MT CMakeFiles/cmTC_e4eed.dir/CheckSymbolExists.c.o -MF CMakeFiles/cmTC_e4eed.dir/CheckSymbolExists.c.o.d -o CMakeFiles/cmTC_e4eed.dir/CheckSymbolExists.c.o -c /Users/123456qwerty/Downloads/goron_apple-llvm-5.7/llvm/cmake-build-debug/CMakeFiles/CMakeTmp/CheckSymbolExists.c
/Users/123456qwerty/Downloads/goron_apple-llvm-5.7/llvm/cmake-build-debug/CMakeFiles/CMakeTmp/CheckSymbolExists.c:8:19: error: use of undeclared identifier '__GLIBC__'
  return ((int*)(&__GLIBC__))[argc];
                  ^
1 error generated.
gmake[1]: *** [CMakeFiles/cmTC_e4eed.dir/build.make:79: CMakeFiles/cmTC_e4eed.dir/CheckSymbolExists.c.o] Error 1
gmake[1]: Leaving directory '/Users/123456qwerty/Downloads/goron_apple-llvm-5.7/llvm/cmake-build-debug/CMakeFiles/CMakeTmp'
gmake: *** [Makefile:127: cmTC_e4eed/fast] Error 2


File /Users/123456qwerty/Downloads/goron_apple-llvm-5.7/llvm/cmake-build-debug/CMakeFiles/CMakeTmp/CheckSymbolExists.c:
/* */
#include <stdio.h>

int main(int argc, char** argv)
{
  (void)argv;
#ifndef __GLIBC__
  return ((int*)(&__GLIBC__))[argc];
#else
  (void)argc;
  return 0;
#endif
}
Performing C SOURCE FILE Test C_SUPPORTS_FNO_SEMANTIC_INTERPOSITION failed with the following output:
Change Dir: /Users/123456qwerty/Downloads/goron_apple-llvm-5.7/llvm/cmake-build-debug/CMakeFiles/CMakeTmp

Run Build Command(s):/opt/homebrew/bin/gmake -f Makefile cmTC_73b09/fast && /opt/homebrew/bin/gmake  -f CMakeFiles/cmTC_73b09.dir/build.make CMakeFiles/cmTC_73b09.dir/build
gmake[1]: Entering directory '/Users/123456qwerty/Downloads/goron_apple-llvm-5.7/llvm/cmake-build-debug/CMakeFiles/CMakeTmp'
Building C object CMakeFiles/cmTC_73b09.dir/src.c.o
/Applications/Xcode.app/Contents/Developer/Toolchains/XcodeDefault.xctoolchain/usr/bin/cc -DC_SUPPORTS_FNO_SEMANTIC_INTERPOSITION  -fPIC  -Werror=unguarded-availability-new -arch arm64 -isysroot /Applications/Xcode.app/Contents/Developer/Platforms/MacOSX.platform/Developer/SDKs/MacOSX12.3.sdk -mmacosx-version-min=12.2   -Werror -fno-semantic-interposition -MD -MT CMakeFiles/cmTC_73b09.dir/src.c.o -MF CMakeFiles/cmTC_73b09.dir/src.c.o.d -o CMakeFiles/cmTC_73b09.dir/src.c.o -c /Users/123456qwerty/Downloads/goron_apple-llvm-5.7/llvm/cmake-build-debug/CMakeFiles/CMakeTmp/src.c
clang: error: argument unused during compilation: '-fno-semantic-interposition' [-Werror,-Wunused-command-line-argument]
gmake[1]: *** [CMakeFiles/cmTC_73b09.dir/build.make:79: CMakeFiles/cmTC_73b09.dir/src.c.o] Error 1
gmake[1]: Leaving directory '/Users/123456qwerty/Downloads/goron_apple-llvm-5.7/llvm/cmake-build-debug/CMakeFiles/CMakeTmp'
gmake: *** [Makefile:127: cmTC_73b09/fast] Error 2


Source file was:
int main(void) { return 0; }
Performing C++ SOURCE FILE Test CXX_SUPPORTS_FNO_SEMANTIC_INTERPOSITION failed with the following output:
Change Dir: /Users/123456qwerty/Downloads/goron_apple-llvm-5.7/llvm/cmake-build-debug/CMakeFiles/CMakeTmp

Run Build Command(s):/opt/homebrew/bin/gmake -f Makefile cmTC_1dde3/fast && /opt/homebrew/bin/gmake  -f CMakeFiles/cmTC_1dde3.dir/build.make CMakeFiles/cmTC_1dde3.dir/build
gmake[1]: Entering directory '/Users/123456qwerty/Downloads/goron_apple-llvm-5.7/llvm/cmake-build-debug/CMakeFiles/CMakeTmp'
Building CXX object CMakeFiles/cmTC_1dde3.dir/src.cxx.o
/Applications/Xcode.app/Contents/Developer/Toolchains/XcodeDefault.xctoolchain/usr/bin/c++ -DCXX_SUPPORTS_FNO_SEMANTIC_INTERPOSITION  -fPIC  -Werror=unguarded-availability-new -arch arm64 -isysroot /Applications/Xcode.app/Contents/Developer/Platforms/MacOSX.platform/Developer/SDKs/MacOSX12.3.sdk -mmacosx-version-min=12.2   -Werror -fno-semantic-interposition -std=c++14 -MD -MT CMakeFiles/cmTC_1dde3.dir/src.cxx.o -MF CMakeFiles/cmTC_1dde3.dir/src.cxx.o.d -o CMakeFiles/cmTC_1dde3.dir/src.cxx.o -c /Users/123456qwerty/Downloads/goron_apple-llvm-5.7/llvm/cmake-build-debug/CMakeFiles/CMakeTmp/src.cxx
clang: error: argument unused during compilation: '-fno-semantic-interposition' [-Werror,-Wunused-command-line-argument]
gmake[1]: *** [CMakeFiles/cmTC_1dde3.dir/build.make:79: CMakeFiles/cmTC_1dde3.dir/src.cxx.o] Error 1
gmake[1]: Leaving directory '/Users/123456qwerty/Downloads/goron_apple-llvm-5.7/llvm/cmake-build-debug/CMakeFiles/CMakeTmp'
gmake: *** [Makefile:127: cmTC_1dde3/fast] Error 2


Source file was:
int main() { return 0; }
Performing C++ SOURCE FILE Test CXX_SUPPORTS_CLASS_MEMACCESS_FLAG failed with the following output:
Change Dir: /Users/123456qwerty/Downloads/goron_apple-llvm-5.7/llvm/cmake-build-debug/CMakeFiles/CMakeTmp

Run Build Command(s):/opt/homebrew/bin/gmake -f Makefile cmTC_ca6b2/fast && /opt/homebrew/bin/gmake  -f CMakeFiles/cmTC_ca6b2.dir/build.make CMakeFiles/cmTC_ca6b2.dir/build
gmake[1]: Entering directory '/Users/123456qwerty/Downloads/goron_apple-llvm-5.7/llvm/cmake-build-debug/CMakeFiles/CMakeTmp'
Building CXX object CMakeFiles/cmTC_ca6b2.dir/src.cxx.o
/Applications/Xcode.app/Contents/Developer/Toolchains/XcodeDefault.xctoolchain/usr/bin/c++ -DCXX_SUPPORTS_CLASS_MEMACCESS_FLAG  -fPIC -fvisibility-inlines-hidden -Werror=date-time -Werror=unguarded-availability-new -Wall -Wextra -Wno-unused-parameter -Wwrite-strings -Wcast-qual -Wmissing-field-initializers -pedantic -Wno-long-long -Wc++98-compat-extra-semi -Wimplicit-fallthrough -Wcovered-switch-default  -Werror=unguarded-availability-new -arch arm64 -isysroot /Applications/Xcode.app/Contents/Developer/Platforms/MacOSX.platform/Developer/SDKs/MacOSX12.3.sdk -mmacosx-version-min=12.2   -Wclass-memaccess -std=c++14 -MD -MT CMakeFiles/cmTC_ca6b2.dir/src.cxx.o -MF CMakeFiles/cmTC_ca6b2.dir/src.cxx.o.d -o CMakeFiles/cmTC_ca6b2.dir/src.cxx.o -c /Users/123456qwerty/Downloads/goron_apple-llvm-5.7/llvm/cmake-build-debug/CMakeFiles/CMakeTmp/src.cxx
warning: unknown warning option '-Wclass-memaccess'; did you mean '-Wclass-varargs'? [-Wunknown-warning-option]
1 warning generated.
Linking CXX executable cmTC_ca6b2
/Applications/CLion.app/Contents/bin/cmake/mac/bin/cmake -E cmake_link_script CMakeFiles/cmTC_ca6b2.dir/link.txt --verbose=1
/Applications/Xcode.app/Contents/Developer/Toolchains/XcodeDefault.xctoolchain/usr/bin/c++  -fPIC -fvisibility-inlines-hidden -Werror=date-time -Werror=unguarded-availability-new -Wall -Wextra -Wno-unused-parameter -Wwrite-strings -Wcast-qual -Wmissing-field-initializers -pedantic -Wno-long-long -Wc++98-compat-extra-semi -Wimplicit-fallthrough -Wcovered-switch-default  -Werror=unguarded-availability-new -arch arm64 -isysroot /Applications/Xcode.app/Contents/Developer/Platforms/MacOSX.platform/Developer/SDKs/MacOSX12.3.sdk -mmacosx-version-min=12.2 -Wl,-search_paths_first -Wl,-headerpad_max_install_names CMakeFiles/cmTC_ca6b2.dir/src.cxx.o -o cmTC_ca6b2 
gmake[1]: Leaving directory '/Users/123456qwerty/Downloads/goron_apple-llvm-5.7/llvm/cmake-build-debug/CMakeFiles/CMakeTmp'


Source file was:
int main() { return 0; }
Performing C++ SOURCE FILE Test LLVM_HAS_NOGLOBAL_CTOR_MUTEX failed with the following output:
Change Dir: /Users/123456qwerty/Downloads/goron_apple-llvm-5.7/llvm/cmake-build-debug/CMakeFiles/CMakeTmp

Run Build Command(s):/opt/homebrew/bin/gmake -f Makefile cmTC_23cd9/fast && /opt/homebrew/bin/gmake  -f CMakeFiles/cmTC_23cd9.dir/build.make CMakeFiles/cmTC_23cd9.dir/build
gmake[1]: Entering directory '/Users/123456qwerty/Downloads/goron_apple-llvm-5.7/llvm/cmake-build-debug/CMakeFiles/CMakeTmp'
Building CXX object CMakeFiles/cmTC_23cd9.dir/src.cxx.o
/Applications/Xcode.app/Contents/Developer/Toolchains/XcodeDefault.xctoolchain/usr/bin/c++ -DLLVM_HAS_NOGLOBAL_CTOR_MUTEX  -fPIC -fvisibility-inlines-hidden -Werror=date-time -Werror=unguarded-availability-new -Wall -Wextra -Wno-unused-parameter -Wwrite-strings -Wcast-qual -Wmissing-field-initializers -pedantic -Wno-long-long -Wc++98-compat-extra-semi -Wimplicit-fallthrough -Wcovered-switch-default -Wno-noexcept-type -Wnon-virtual-dtor -Wdelete-non-virtual-dtor -Wsuggest-override -Wstring-conversion -Wmisleading-indentation -index-store-path "/Users/123456qwerty/Downloads/goron_apple-llvm-5.7/llvm/cmake-build-debug/IndexStore" -Werror=global-constructors  -Werror=unguarded-availability-new -arch arm64 -isysroot /Applications/Xcode.app/Contents/Developer/Platforms/MacOSX.platform/Developer/SDKs/MacOSX12.3.sdk -mmacosx-version-min=12.2 -std=c++14 -MD -MT CMakeFiles/cmTC_23cd9.dir/src.cxx.o -MF CMakeFiles/cmTC_23cd9.dir/src.cxx.o.d -o CMakeFiles/cmTC_23cd9.dir/src.cxx.o -c /Users/123456qwerty/Downloads/goron_apple-llvm-5.7/llvm/cmake-build-debug/CMakeFiles/CMakeTmp/src.cxx
/Users/123456qwerty/Downloads/goron_apple-llvm-5.7/llvm/cmake-build-debug/CMakeFiles/CMakeTmp/src.cxx:3:21: error: declaration requires a global destructor [-Werror,-Wglobal-constructors]
  static std::mutex TestGlobalCtorDtor;
                    ^
/Users/123456qwerty/Downloads/goron_apple-llvm-5.7/llvm/cmake-build-debug/CMakeFiles/CMakeTmp/src.cxx:4:31: error: declaration requires a global destructor [-Werror,-Wglobal-constructors]
  static std::recursive_mutex TestGlobalCtorDtor2;
                              ^
2 errors generated.
gmake[1]: *** [CMakeFiles/cmTC_23cd9.dir/build.make:79: CMakeFiles/cmTC_23cd9.dir/src.cxx.o] Error 1
gmake[1]: Leaving directory '/Users/123456qwerty/Downloads/goron_apple-llvm-5.7/llvm/cmake-build-debug/CMakeFiles/CMakeTmp'
gmake: *** [Makefile:127: cmTC_23cd9/fast] Error 2


Source file was:

  #include <mutex>
  static std::mutex TestGlobalCtorDtor;
  static std::recursive_mutex TestGlobalCtorDtor2;
  int main() { (void)TestGlobalCtorDtor; (void)TestGlobalCtorDtor2; return 0;}
  
Determining if the __x86_64__ exist failed with the following output:
Change Dir: /Users/123456qwerty/Downloads/goron_apple-llvm-5.7/llvm/cmake-build-debug/CMakeFiles/CMakeTmp

Run Build Command(s):/opt/homebrew/bin/gmake -f Makefile cmTC_f4cf0/fast && /opt/homebrew/bin/gmake  -f CMakeFiles/cmTC_f4cf0.dir/build.make CMakeFiles/cmTC_f4cf0.dir/build
gmake[1]: Entering directory '/Users/123456qwerty/Downloads/goron_apple-llvm-5.7/llvm/cmake-build-debug/CMakeFiles/CMakeTmp'
Building C object CMakeFiles/cmTC_f4cf0.dir/CheckSymbolExists.c.o
/Applications/Xcode.app/Contents/Developer/Toolchains/XcodeDefault.xctoolchain/usr/bin/cc   -fPIC -Werror=date-time -Werror=unguarded-availability-new -Wall -Wextra -Wno-unused-parameter -Wwrite-strings -Wmissing-field-initializers -pedantic -Wno-long-long -Wc++98-compat-extra-semi -Wimplicit-fallthrough -Wcovered-switch-default -Wstring-conversion -Wmisleading-indentation -index-store-path "/Users/123456qwerty/Downloads/goron_apple-llvm-5.7/llvm/cmake-build-debug/IndexStore"  -Werror=unguarded-availability-new -arch arm64 -isysroot /Applications/Xcode.app/Contents/Developer/Platforms/MacOSX.platform/Developer/SDKs/MacOSX12.3.sdk -mmacosx-version-min=12.2 -MD -MT CMakeFiles/cmTC_f4cf0.dir/CheckSymbolExists.c.o -MF CMakeFiles/cmTC_f4cf0.dir/CheckSymbolExists.c.o.d -o CMakeFiles/cmTC_f4cf0.dir/CheckSymbolExists.c.o -c /Users/123456qwerty/Downloads/goron_apple-llvm-5.7/llvm/cmake-build-debug/CMakeFiles/CMakeTmp/CheckSymbolExists.c
/Users/123456qwerty/Downloads/goron_apple-llvm-5.7/llvm/cmake-build-debug/CMakeFiles/CMakeTmp/CheckSymbolExists.c:7:19: error: use of undeclared identifier '__x86_64__'
  return ((int*)(&__x86_64__))[argc];
                  ^
1 error generated.
gmake[1]: *** [CMakeFiles/cmTC_f4cf0.dir/build.make:79: CMakeFiles/cmTC_f4cf0.dir/CheckSymbolExists.c.o] Error 1
gmake[1]: Leaving directory '/Users/123456qwerty/Downloads/goron_apple-llvm-5.7/llvm/cmake-build-debug/CMakeFiles/CMakeTmp'
gmake: *** [Makefile:127: cmTC_f4cf0/fast] Error 2


File /Users/123456qwerty/Downloads/goron_apple-llvm-5.7/llvm/cmake-build-debug/CMakeFiles/CMakeTmp/CheckSymbolExists.c:
/* */

int main(int argc, char** argv)
{
  (void)argv;
#ifndef __x86_64__
  return ((int*)(&__x86_64__))[argc];
#else
  (void)argc;
  return 0;
#endif
}
Performing C++ SOURCE FILE Test HAVE_CXX_FLAG_WD654 failed with the following output:
Change Dir: /Users/123456qwerty/Downloads/goron_apple-llvm-5.7/llvm/cmake-build-debug/CMakeFiles/CMakeTmp

Run Build Command(s):/opt/homebrew/bin/gmake -f Makefile cmTC_55353/fast && /opt/homebrew/bin/gmake  -f CMakeFiles/cmTC_55353.dir/build.make CMakeFiles/cmTC_55353.dir/build
gmake[1]: Entering directory '/Users/123456qwerty/Downloads/goron_apple-llvm-5.7/llvm/cmake-build-debug/CMakeFiles/CMakeTmp'
Building CXX object CMakeFiles/cmTC_55353.dir/src.cxx.o
/Applications/Xcode.app/Contents/Developer/Toolchains/XcodeDefault.xctoolchain/usr/bin/c++ -DHAVE_CXX_FLAG_WD654  -fPIC -fvisibility-inlines-hidden -Werror=date-time -Werror=unguarded-availability-new -Wall -Wextra -Wno-unused-parameter -Wwrite-strings -Wcast-qual -Wmissing-field-initializers -pedantic -Wno-long-long -Wc++98-compat-extra-semi -Wimplicit-fallthrough -Wcovered-switch-default -Wno-noexcept-type -Wnon-virtual-dtor -Wdelete-non-virtual-dtor -Wsuggest-override -Wstring-conversion -Wmisleading-indentation -index-store-path "/Users/123456qwerty/Downloads/goron_apple-llvm-5.7/llvm/cmake-build-debug/IndexStore"  -std=c++11  -Wall  -Wextra  -Wshadow  -pedantic  -pedantic-errors  -Wshorten-64-to-32  -Wfloat-equal  -fstrict-aliasing  -fno-exceptions  -Wno-suggest-override  -Wstrict-aliasing  -Werror=unguarded-availability-new -wd654 -arch arm64 -isysroot /Applications/Xcode.app/Contents/Developer/Platforms/MacOSX.platform/Developer/SDKs/MacOSX12.3.sdk -mmacosx-version-min=12.2   -wd654 -std=c++14 -MD -MT CMakeFiles/cmTC_55353.dir/src.cxx.o -MF CMakeFiles/cmTC_55353.dir/src.cxx.o.d -o CMakeFiles/cmTC_55353.dir/src.cxx.o -c /Users/123456qwerty/Downloads/goron_apple-llvm-5.7/llvm/cmake-build-debug/CMakeFiles/CMakeTmp/src.cxx
clang: error: unknown argument: '-wd654'
clang: error: unknown argument: '-wd654'
gmake[1]: *** [CMakeFiles/cmTC_55353.dir/build.make:79: CMakeFiles/cmTC_55353.dir/src.cxx.o] Error 1
gmake[1]: Leaving directory '/Users/123456qwerty/Downloads/goron_apple-llvm-5.7/llvm/cmake-build-debug/CMakeFiles/CMakeTmp'
gmake: *** [Makefile:127: cmTC_55353/fast] Error 2


Source file was:
int main() { return 0; }
